D:\WORK\CALCULATOR\CALCULATOR\DEBUG\CALCULATOR.EXE.INTERMEDIATE.MANIFEST
D:\WORK\CALCULATOR\CALCULATOR\DEBUG\CALCULATOR.OBJ
D:\work\calculator\calculator\Debug\cl.command.1.tlog
D:\work\calculator\calculator\Debug\CL.read.1.tlog
D:\work\calculator\calculator\Debug\CL.write.1.tlog
D:\work\calculator\calculator\Debug\custombuild.command.1.tlog
D:\work\calculator\calculator\Debug\custombuild.read.1.tlog
D:\work\calculator\calculator\Debug\custombuild.write.1.tlog
D:\work\calculator\calculator\Debug\link.command.1.tlog
D:\work\calculator\calculator\Debug\link.read.1.tlog
D:\work\calculator\calculator\Debug\link.write.1.tlog
D:\WORK\CALCULATOR\CALCULATOR\DEBUG\MAIN.OBJ
D:\WORK\CALCULATOR\CALCULATOR\DEBUG\MOC_CALCULATOR.OBJ
D:\work\calculator\calculator\Debug\mt.command.1.tlog
D:\work\calculator\calculator\Debug\mt.read.1.tlog
D:\work\calculator\calculator\Debug\mt.write.1.tlog
D:\WORK\CALCULATOR\CALCULATOR\DEBUG\QRC_CALCULATOR.OBJ
D:\WORK\CALCULATOR\CALCULATOR\DEBUG\VC100.PDB
D:\WORK\CALCULATOR\CALCULATOR\GENERATEDFILES\DEBUG\MOC_CALCULATOR.CPP
D:\WORK\CALCULATOR\CALCULATOR\GENERATEDFILES\QRC_CALCULATOR.CPP
D:\WORK\CALCULATOR\CALCULATOR\GENERATEDFILES\UI_CALCULATOR.H
D:\WORK\CALCULATOR\WIN32\DEBUG\CALCULATOR.EXE
D:\WORK\CALCULATOR\WIN32\DEBUG\CALCULATOR.ILK
D:\WORK\CALCULATOR\WIN32\DEBUG\CALCULATOR.PDB
