Build started 2013/9/11 下午 09:52:31.
     1>Project "D:\work\calculator\calculator\calculator.vcxproj" on node 2 (Build target(s)).
     1>InitializeBuildStatus:
         Creating "Debug\calculator.unsuccessfulbuild" because "AlwaysCreate" was specified.
       CustomBuild:
         All outputs are up-to-date.
       ClCompile:
         All outputs are up-to-date.
         C:\Program Files (x86)\Microsoft Visual Studio 10.0\VC\bin\CL.exe /c /I.\GeneratedFiles /I. /IC:\Qt\4.8.2\include /I.\GeneratedFiles\Debug /IC:\Qt\4.8.2\include\QtCore /IC:\Qt\4.8.2\include\QtGui /Zi /nologo /W1 /WX- /Od /Oy- /D UNICODE /D WIN32 /D QT_LARGEFILE_SUPPORT /D QT_DLL /D QT_CORE_LIB /D QT_GUI_LIB /Gm- /EHsc /MDd /GS /fp:precise /Zc:wchar_t- /Zc:forScope /Fo"Debug\\" /Fd"Debug\vc100.pdb" /Gd /TP /analyze- /errorReport:prompt GeneratedFiles\qrc_calculator.cpp
         qrc_calculator.cpp
       Link:
         C:\Program Files (x86)\Microsoft Visual Studio 10.0\VC\bin\link.exe /ERRORREPORT:PROMPT /OUT:"D:\work\calculator\Win32\Debug\\calculator.exe" /NOLOGO /LIBPATH:C:\Qt\4.8.2\lib qtmaind.lib QtCored4.lib QtGuid4.lib kernel32.lib user32.lib gdi32.lib winspool.lib comdlg32.lib advapi32.lib shell32.lib ole32.lib oleaut32.lib uuid.lib odbc32.lib odbccp32.lib /MANIFEST /ManifestFile:"Debug\calculator.exe.intermediate.manifest" /MANIFESTUAC:"level='asInvoker' uiAccess='false'" /DEBUG /PDB:"D:\work\calculator\Win32\Debug\calculator.pdb" /SUBSYSTEM:WINDOWS /TLBID:1 /DYNAMICBASE /NXCOMPAT /IMPLIB:"D:\work\calculator\Win32\Debug\calculator.lib" /MACHINE:X86 Debug\calculator.obj
         Debug\moc_calculator.obj
         Debug\qrc_calculator.obj
         Debug\main.obj
         LINK : D:\work\calculator\Win32\Debug\\calculator.exe not found or not built by the last incremental link; performing full link
         calculator.vcxproj -> D:\work\calculator\Win32\Debug\calculator.exe
       Manifest:
         C:\Program Files (x86)\Microsoft SDKs\Windows\v7.0A\bin\mt.exe /nologo /verbose /outputresource:"D:\work\calculator\Win32\Debug\\calculator.exe;#1" /manifest Debug\calculator.exe.intermediate.manifest
       FinalizeBuildStatus:
         Deleting file "Debug\calculator.unsuccessfulbuild".
         Touching "Debug\calculator.lastbuildstate".
     1>Done Building Project "D:\work\calculator\calculator\calculator.vcxproj" (Build target(s)).

Build succeeded.

Time Elapsed 00:00:02.97
